<?xml version="1.0" encoding="UTF-8"?>
<!-- Generated by org.testng.reporters.JUnitReportReporter -->
<testsuite skipped="0" hostname="LAPTOP-PHPM7G7V" name="com.aa.Utility_Methods.americanairlinesTC" tests="1" failures="0" timestamp="6 Oct 2021 16:38:29 GMT" time="31.021" errors="0">
  <testcase name="Tc01" time="31.021" classname="com.aa.Utility_Methods.americanairlinesTC"/>
</testsuite> <!-- com.aa.Utility_Methods.americanairlinesTC -->
