<?xml version="1.0" encoding="UTF-8"?>
<!-- Generated by org.testng.reporters.JUnitReportReporter -->
<testsuite skipped="0" hostname="LAPTOP-PHPM7G7V" name="com.Google.tests.GoogleSearchTC" tests="1" failures="0" timestamp="5 Oct 2021 15:15:48 GMT" time="16.036" errors="0">
  <testcase name="TC01" time="16.036" classname="com.Google.tests.GoogleSearchTC"/>
</testsuite> <!-- com.Google.tests.GoogleSearchTC -->
