<?xml version="1.0" encoding="UTF-8"?>
<!-- Generated by org.testng.reporters.JUnitReportReporter -->
<testsuite skipped="0" hostname="LAPTOP-PHPM7G7V" name="com.OrangeHrm.TCOfOrangeHRM" tests="2" failures="0" timestamp="7 Oct 2021 15:33:09 GMT" time="35.577" errors="0">
  <testcase name="TC01" time="33.909" classname="com.OrangeHrm.TCOfOrangeHRM"/>
  <testcase name="tc02" time="1.668" classname="com.OrangeHrm.TCOfOrangeHRM"/>
</testsuite> <!-- com.OrangeHrm.TCOfOrangeHRM -->
