<?xml version="1.0" encoding="UTF-8"?>
<!-- Generated by org.testng.reporters.JUnitReportReporter -->
<testsuite skipped="0" hostname="LAPTOP-PHPM7G7V" name="dataDriven.WorkingOnDatadrivenExc1" tests="2" failures="0" timestamp="30 Sep 2021 04:43:19 GMT" time="0.013" errors="0">
  <testcase name="data_Driven" time="0.011" classname="dataDriven.WorkingOnDatadrivenExc1"/>
  <testcase name="data_Driven" time="0.002" classname="dataDriven.WorkingOnDatadrivenExc1"/>
</testsuite> <!-- dataDriven.WorkingOnDatadrivenExc1 -->
