<?xml version="1.0" encoding="UTF-8"?>
<!-- Generated by org.testng.reporters.JUnitReportReporter -->
<testsuite skipped="0" hostname="LAPTOP-PHPM7G7V" name="test.WorkingOnConfig_PropertiesFile" tests="1" failures="0" timestamp="30 Sep 2021 04:31:36 GMT" time="9.898" errors="0">
  <testcase name="config" time="9.898" classname="test.WorkingOnConfig_PropertiesFile"/>
</testsuite> <!-- test.WorkingOnConfig_PropertiesFile -->
