<?xml version="1.0" encoding="UTF-8"?>
<!-- Generated by org.testng.reporters.JUnitReportReporter -->
<testsuite skipped="0" hostname="LAPTOP-PHPM7G7V" name="excersice1.TC02" tests="3" failures="0" timestamp="22 Sep 2021 12:23:14 GMT" time="0.022" errors="0">
  <testcase name="lap" time="0.004" classname="excersice1.TC02"/>
  <testcase name="tab" time="0.001" classname="excersice1.TC02"/>
  <testcase name="desktop" time="0.017" classname="excersice1.TC02"/>
</testsuite> <!-- excersice1.TC02 -->
