<?xml version="1.0" encoding="UTF-8"?>
<!-- Generated by org.testng.reporters.JUnitReportReporter -->
<testsuite skipped="0" hostname="LAPTOP-PHPM7G7V" name="asserts.Working_OnAsserts" tests="1" failures="0" timestamp="4 Oct 2021 06:49:20 GMT" time="10.272" errors="0">
  <testcase name="demo" time="10.272" classname="asserts.Working_OnAsserts"/>
</testsuite> <!-- asserts.Working_OnAsserts -->
