<?xml version="1.0" encoding="UTF-8"?>
<!-- Generated by org.testng.reporters.JUnitReportReporter -->
<testsuite skipped="0" hostname="LAPTOP-PHPM7G7V" name="excersice1.TC01" tests="1" failures="0" timestamp="22 Sep 2021 12:23:14 GMT" time="0.002" errors="0">
  <testcase name="apple" time="0.002" classname="excersice1.TC01"/>
</testsuite> <!-- excersice1.TC01 -->
