<?xml version="1.0" encoding="UTF-8"?>
<!-- Generated by org.testng.reporters.JUnitReportReporter -->
<testsuite skipped="0" hostname="LAPTOP-PHPM7G7V" name="test.TC01" tests="2" failures="0" timestamp="22 Sep 2021 03:54:44 GMT" time="0.013" errors="0">
  <testcase name="demo" time="0.004" classname="test.TC01"/>
  <testcase name="demo1" time="0.009" classname="test.TC01"/>
</testsuite> <!-- test.TC01 -->
