<?xml version="1.0" encoding="UTF-8"?>
<!-- Generated by org.testng.reporters.JUnitReportReporter -->
<testsuite skipped="0" hostname="LAPTOP-PHPM7G7V" name="conf.WorkingOnDatadrivenExc1" tests="2" failures="0" timestamp="4 Oct 2021 06:53:18 GMT" time="0.011" errors="0">
  <testcase name="data_Driven" time="0.004" classname="conf.WorkingOnDatadrivenExc1"/>
  <testcase name="data_Driven" time="0.007" classname="conf.WorkingOnDatadrivenExc1"/>
</testsuite> <!-- conf.WorkingOnDatadrivenExc1 -->
