<?xml version="1.0" encoding="UTF-8"?>
<!-- Generated by org.testng.reporters.JUnitReportReporter -->
<testsuite skipped="1" hostname="LAPTOP-PHPM7G7V" name="test.WorkingOnDemoWebShopCart" tests="2" failures="0" timestamp="4 Oct 2021 06:48:12 GMT" time="0.007" errors="1">
  <testcase name="setUp" time="0.000" classname="test.WorkingOnDemoWebShopCart">
    <error type="org.testng.TestNGException" message="
Parameter &#039;URL&#039; is required by @Configuration on method setUp but has not been marked @Optional or defined
in F:\Eclipse\Testing_Tutorial\parallelExecution.xml">
      <![CDATA[org.testng.TestNGException: 
Parameter 'URL' is required by @Configuration on method setUp but has not been marked @Optional or defined
in F:\Eclipse\Testing_Tutorial\parallelExecution.xml
	at org.testng.internal.Parameters.createParameters(Parameters.java:156)
	at org.testng.internal.Parameters.createParameters(Parameters.java:370)
	at org.testng.internal.Parameters.createConfigurationParameters(Parameters.java:86)
	at org.testng.internal.Invoker.invokeConfigurations(Invoker.java:202)
	at org.testng.internal.Invoker.invokeConfigurations(Invoker.java:143)
	at org.testng.internal.TestMethodWorker.invokeBeforeClassMethods(TestMethodWorker.java:169)
	at org.testng.internal.TestMethodWorker.run(TestMethodWorker.java:108)
	at org.testng.TestRunner.privateRun(TestRunner.java:753)
	at org.testng.TestRunner.run(TestRunner.java:607)
	at org.testng.SuiteRunner.runTest(SuiteRunner.java:368)
	at org.testng.SuiteRunner.access$000(SuiteRunner.java:39)
	at org.testng.SuiteRunner$SuiteWorker.run(SuiteRunner.java:402)
	at org.testng.internal.thread.ThreadUtil$2.call(ThreadUtil.java:64)
	at java.util.concurrent.FutureTask.run(Unknown Source)
	at java.util.concurrent.ThreadPoolExecutor.runWorker(Unknown Source)
	at java.util.concurrent.ThreadPoolExecutor$Worker.run(Unknown Source)
	at java.lang.Thread.run(Unknown Source)
]]>
    </error>
  </testcase> <!-- setUp -->
  <testcase name="reg" time="0.007" classname="test.WorkingOnDemoWebShopCart">
    <skipped/>
  </testcase> <!-- reg -->
</testsuite> <!-- test.WorkingOnDemoWebShopCart -->
