<?xml version="1.0" encoding="UTF-8"?>
<!-- Generated by org.testng.reporters.JUnitReportReporter -->
<testsuite skipped="0" hostname="LAPTOP-PHPM7G7V" name="test.TC011" tests="2" failures="0" timestamp="4 Oct 2021 06:05:07 GMT" time="0.006" errors="0">
  <testcase name="demo1" time="0.002" classname="test.TC011"/>
  <testcase name="demo" time="0.004" classname="test.TC011"/>
</testsuite> <!-- test.TC011 -->
