<?xml version="1.0" encoding="UTF-8"?>
<!-- Generated by org.testng.reporters.JUnitReportReporter -->
<testsuite skipped="0" hostname="LAPTOP-PHPM7G7V" name="demoWebShopTestCase.LoginTC" tests="9" failures="0" timestamp="11 Oct 2021 04:19:38 GMT" time="74.296" errors="0">
  <testcase name="tc01" time="6.220" classname="demoWebShopTestCase.LoginTC"/>
  <testcase name="tc01" time="6.094" classname="demoWebShopTestCase.LoginTC"/>
  <testcase name="tc01" time="15.381" classname="demoWebShopTestCase.LoginTC"/>
  <testcase name="tc01" time="5.590" classname="demoWebShopTestCase.LoginTC"/>
  <testcase name="tc01" time="10.135" classname="demoWebShopTestCase.LoginTC"/>
  <testcase name="tc01" time="5.854" classname="demoWebShopTestCase.LoginTC"/>
  <testcase name="tc01" time="6.205" classname="demoWebShopTestCase.LoginTC"/>
  <testcase name="tc01" time="10.188" classname="demoWebShopTestCase.LoginTC"/>
  <testcase name="tc01" time="8.629" classname="demoWebShopTestCase.LoginTC"/>
</testsuite> <!-- demoWebShopTestCase.LoginTC -->
