<?xml version="1.0" encoding="UTF-8"?>
<!-- Generated by org.testng.reporters.JUnitReportReporter -->
<testsuite skipped="0" hostname="LAPTOP-PHPM7G7V" name="demoRegisterDataProvider.RegisterTC" tests="9" failures="0" timestamp="10 Oct 2021 11:34:27 GMT" time="115.806" errors="0">
  <testcase name="tc01" time="14.546" classname="demoRegisterDataProvider.RegisterTC"/>
  <testcase name="tc01" time="15.118" classname="demoRegisterDataProvider.RegisterTC"/>
  <testcase name="tc01" time="18.351" classname="demoRegisterDataProvider.RegisterTC"/>
  <testcase name="tc01" time="10.704" classname="demoRegisterDataProvider.RegisterTC"/>
  <testcase name="tc01" time="8.357" classname="demoRegisterDataProvider.RegisterTC"/>
  <testcase name="tc01" time="14.751" classname="demoRegisterDataProvider.RegisterTC"/>
  <testcase name="tc01" time="11.365" classname="demoRegisterDataProvider.RegisterTC"/>
  <testcase name="tc01" time="11.967" classname="demoRegisterDataProvider.RegisterTC"/>
  <testcase name="tc01" time="10.647" classname="demoRegisterDataProvider.RegisterTC"/>
</testsuite> <!-- demoRegisterDataProvider.RegisterTC -->
